Using pre-set license
Built from '2020.2/release' branch; Version is '2020.2.0f1 (3721df5a8b28) revision 3613151'; Using compiler version '192528614'; Build Type 'Release'
OS: 'Windows 10  (10.0.0) 64bit' Language: 'en' Physical Memory: 24437 MB
BatchMode: 1, IsHumanControllingUs: 0, StartBugReporterOnCrash: 0, Is64bit: 1, IsPro: 0

 COMMAND LINE ARGUMENTS:
E:\Unity\2020.2.0f1\Editor\Unity.exe
-adb2
-batchMode
-noUpm
-name
AssetImportWorker0
-projectPath
E:/Unity/2D-Shooter/2-Shooter
-logFile
Logs/AssetImportWorker0.log
-srvPort
57518
Successfully changed project path to: E:/Unity/2D-Shooter/2-Shooter
E:/Unity/2D-Shooter/2-Shooter
Using Asset Import Pipeline V2.
Refreshing native plugins compatible for Editor in 31.76 ms, found 1 plugins.
Preloading 0 native plugins for Editor in 0.00 ms.
Initialize engine version: 2020.2.0f1 (3721df5a8b28)
[Subsystems] Discovering subsystems at path E:/Unity/2020.2.0f1/Editor/Data/Resources/UnitySubsystems
[Subsystems] Discovering subsystems at path E:/Unity/2D-Shooter/2-Shooter/Assets
GfxDevice: creating device client; threaded=0
Direct3D:
    Version:  Direct3D 11.0 [level 11.1]
    Renderer: NVIDIA GeForce GTX 1070 (ID=0x1b81)
    Vendor:   
    VRAM:     8088 MB
    Driver:   27.21.14.6079
Initialize mono
Mono path[0] = 'E:/Unity/2020.2.0f1/Editor/Data/Managed'
Mono path[1] = 'E:/Unity/2020.2.0f1/Editor/Data/MonoBleedingEdge/lib/mono/unityjit'
Mono config path = 'E:/Unity/2020.2.0f1/Editor/Data/MonoBleedingEdge/etc'
Using monoOptions --debugger-agent=transport=dt_socket,embedding=1,server=y,suspend=n,address=127.0.0.1:56548
Begin MonoManager ReloadAssembly
Registering precompiled unity dll's ...
Register platform support module: E:/Unity/2020.2.0f1/Editor/Data/PlaybackEngines/WebGLSupport/UnityEditor.WebGL.Extensions.dll
Register platform support module: E:/Unity/2020.2.0f1/Editor/Data/PlaybackEngines/WindowsStandaloneSupport/UnityEditor.WindowsStandalone.Extensions.dll
Registered in 0.003054 seconds.
Native extension for WindowsStandalone target not found
Native extension for WebGL target not found
Refreshing native plugins compatible for Editor in 37.99 ms, found 1 plugins.
Preloading 0 native plugins for Editor in 0.00 ms.
Invoked RoslynAnalysisRunner static constructor.
RoslynAnalysisRunner will not be running.
RoslynAnalysisRunner has terminated.
Mono: successfully reloaded assembly
- Completed reload, in  4.557 seconds
Platform modules already initialized, skipping
Registering precompiled user dll's ...
Registered in 0.001248 seconds.
Begin MonoManager ReloadAssembly
Native extension for WindowsStandalone target not found
Native extension for WebGL target not found
Refreshing native plugins compatible for Editor in 32.08 ms, found 1 plugins.
Preloading 0 native plugins for Editor in 0.00 ms.
Invoked RoslynAnalysisRunner static constructor.
RoslynAnalysisRunner will not be running.
RoslynAnalysisRunner has terminated.
Mono: successfully reloaded assembly
- Completed reload, in  0.984 seconds
Platform modules already initialized, skipping
========================================================================
Worker process is ready to serve import requests
Launched and connected shader compiler UnityShaderCompiler.exe after 0.04 seconds
Refreshing native plugins compatible for Editor in 0.48 ms, found 1 plugins.
Preloading 0 native plugins for Editor in 0.00 ms.
Unloading 1830 Unused Serialized files (Serialized files now loaded: 0)
System memory in use before: 84.8 MB.
System memory in use after: 84.8 MB.

Unloading 24 unused Assets to reduce memory usage. Loaded Objects now: 2271.
Total: 1.989900 ms (FindLiveObjects: 0.170600 ms CreateObjectMapping: 0.062100 ms MarkObjects: 1.623700 ms  DeleteObjects: 0.131600 ms)

========================================================================
Received Import Request.
  path: Assets/Scenes/MainScene.unity
  artifactKey: Guid(2cda990e2423bbf4892e6590ba056729) Importer(815301076,1909f56bfc062723c751e8b465ee728b)
Start importing Assets/Scenes/MainScene.unity using Guid(2cda990e2423bbf4892e6590ba056729) Importer(815301076,1909f56bfc062723c751e8b465ee728b)  -> (artifact id: '254249550b2cfbf9916c3dfadfb4d275') in 0.020643 seconds
  Import took 0.028861 seconds .

========================================================================
Received Import Request.
  Time since last request: 6.685467 seconds.
  path: Assets/Script
  artifactKey: Guid(9b6a7bc477324f04bab611d1886408c6) Importer(815301076,1909f56bfc062723c751e8b465ee728b)
Start importing Assets/Script using Guid(9b6a7bc477324f04bab611d1886408c6) Importer(815301076,1909f56bfc062723c751e8b465ee728b)  -> (artifact id: 'b2b68cb99b8769c6e984446cf9b8b9fd') in 0.004157 seconds
  Import took 0.011992 seconds .

========================================================================
Received Import Request.
  Time since last request: 25.199303 seconds.
  path: Assets
  artifactKey: Guid(00000000000000001000000000000000) Importer(815301076,1909f56bfc062723c751e8b465ee728b)
Start importing Assets using Guid(00000000000000001000000000000000) Importer(815301076,1909f56bfc062723c751e8b465ee728b)  -> (artifact id: 'b41cfa13f056e58f64cf5f3363de7353') in 0.038587 seconds
  Import took 0.098675 seconds .

========================================================================
Received Import Request.
  Time since last request: 8.780259 seconds.
  path: Assets/Sprite
  artifactKey: Guid(c1a443d4f1b16914c9d40554d406aace) Importer(815301076,1909f56bfc062723c751e8b465ee728b)
Start importing Assets/Sprite using Guid(c1a443d4f1b16914c9d40554d406aace) Importer(815301076,1909f56bfc062723c751e8b465ee728b)  -> (artifact id: '795adb04352bcd582fb335ac6d05dbe7') in 0.062674 seconds
  Import took 0.119145 seconds .

========================================================================
Received Prepare
Registering precompiled user dll's ...
Registered in 0.002316 seconds.
Begin MonoManager ReloadAssembly
Native extension for WindowsStandalone target not found
Native extension for WebGL target not found
Refreshing native plugins compatible for Editor in 125.01 ms, found 1 plugins.
Preloading 0 native plugins for Editor in 0.00 ms.
Invoked RoslynAnalysisRunner static constructor.
RoslynAnalysisRunner will not be running.
RoslynAnalysisRunner has terminated.
Mono: successfully reloaded assembly
- Completed reload, in  2.708 seconds
Platform modules already initialized, skipping
Shader 'Universal Render Pipeline/Nature/SpeedTree7': dependency 'BillboardShader' shader 'Universal Render Pipeline/Nature/SpeedTree7 Billboard' not found
Shader 'Universal Render Pipeline/Baked Lit': fallback shader 'Universal Render Pipeline/Unlit' not found
Shader 'Universal Render Pipeline/Simple Lit': fallback shader 'Hidden/Universal Render Pipeline/FallbackError' not found
Shader 'Universal Render Pipeline/Terrain/Lit': fallback shader 'Hidden/Universal Render Pipeline/FallbackError' not found
Shader 'Universal Render Pipeline/Terrain/Lit': dependency 'AddPassShader' shader 'Hidden/Universal Render Pipeline/Terrain/Lit (Add Pass)' not found
Shader 'Universal Render Pipeline/Terrain/Lit': dependency 'BaseMapShader' shader 'Hidden/Universal Render Pipeline/Terrain/Lit (Base Pass)' not found
Shader 'Universal Render Pipeline/Terrain/Lit': dependency 'BaseMapGenShader' shader 'Hidden/Universal Render Pipeline/Terrain/Lit (Basemap Gen)' not found
Shader 'Hidden/Universal Render Pipeline/Terrain/Lit (Add Pass)': fallback shader 'Hidden/Universal Render Pipeline/FallbackError' not found
Shader 'Hidden/Universal Render Pipeline/Terrain/Lit (Base Pass)': fallback shader 'Hidden/Universal Render Pipeline/FallbackError' not found
Shader 'Universal Render Pipeline/Particles/Lit': fallback shader 'Universal Render Pipeline/Particles/SimpleLit' not found
Shader 'Universal Render Pipeline/Particles/Lit': fallback shader 'Universal Render Pipeline/Particles/SimpleLit' not found
Refreshing native plugins compatible for Editor in 1.11 ms, found 1 plugins.
Preloading 0 native plugins for Editor in 0.00 ms.
Unloading 2911 Unused Serialized files (Serialized files now loaded: 0)
System memory in use before: 122.3 MB.
System memory in use after: 119.0 MB.

Unloading 69 unused Assets to reduce memory usage. Loaded Objects now: 3304.
Total: 14.996100 ms (FindLiveObjects: 1.233400 ms CreateObjectMapping: 0.699000 ms MarkObjects: 7.349700 ms  DeleteObjects: 5.711200 ms)

========================================================================
Received Import Request.
  Time since last request: 129.605422 seconds.
  path: Assets/Prefab
  artifactKey: Guid(68ff96c59fb642246960436e784ca0e6) Importer(815301076,1909f56bfc062723c751e8b465ee728b)
Start importing Assets/Prefab using Guid(68ff96c59fb642246960436e784ca0e6) Importer(815301076,1909f56bfc062723c751e8b465ee728b)  -> (artifact id: '2bddfb88a1d7f8d21ac42c2c62d8afb6') in 0.010287 seconds
  Import took 0.019913 seconds .

========================================================================
Received Import Request.
  Time since last request: 34.640856 seconds.
  path: Assets/UniversalRenderPipelineAsset.asset
  artifactKey: Guid(3d99580fbc3ec6541be5cd81dceae8d4) Importer(815301076,1909f56bfc062723c751e8b465ee728b)
Start importing Assets/UniversalRenderPipelineAsset.asset using Guid(3d99580fbc3ec6541be5cd81dceae8d4) Importer(815301076,1909f56bfc062723c751e8b465ee728b)  -> (artifact id: '8d267a33e2ac3ef2363486dc55eb2e32') in 0.098493 seconds
  Import took 0.110287 seconds .

========================================================================
Received Import Request.
  Time since last request: 0.000552 seconds.
  path: Assets/UniversalRenderPipelineAsset_Renderer.asset
  artifactKey: Guid(cfe6d8b793517bf4899a1f84c9645849) Importer(815301076,1909f56bfc062723c751e8b465ee728b)
Start importing Assets/UniversalRenderPipelineAsset_Renderer.asset using Guid(cfe6d8b793517bf4899a1f84c9645849) Importer(815301076,1909f56bfc062723c751e8b465ee728b)  -> (artifact id: '642a235f8e5be9d35b262b4582302920') in 0.063263 seconds
  Import took 0.073632 seconds .

========================================================================
Received Import Request.
  Time since last request: 18.826678 seconds.
  path: Assets/Render
  artifactKey: Guid(0341ef38ff534ef4782ffc7c5af82166) Importer(815301076,1909f56bfc062723c751e8b465ee728b)
Start importing Assets/Render using Guid(0341ef38ff534ef4782ffc7c5af82166) Importer(815301076,1909f56bfc062723c751e8b465ee728b)  -> (artifact id: '0beb588106ab7369dfeb5624e20eabb8') in 0.005687 seconds
  Import took 0.016058 seconds .

========================================================================
Received Prepare
Shader 'Universal Render Pipeline/Particles/Lit': fallback shader 'Universal Render Pipeline/Particles/SimpleLit' not found
Shader 'Universal Render Pipeline/Particles/Lit': fallback shader 'Universal Render Pipeline/Particles/SimpleLit' not found
Refreshing native plugins compatible for Editor in 3.07 ms, found 1 plugins.
Preloading 0 native plugins for Editor in 0.00 ms.
Unloading 67 Unused Serialized files (Serialized files now loaded: 0)
System memory in use before: 66.6 MB.
System memory in use after: 64.3 MB.

Unloading 47 unused Assets to reduce memory usage. Loaded Objects now: 3324.
Total: 4.677400 ms (FindLiveObjects: 0.328500 ms CreateObjectMapping: 0.113900 ms MarkObjects: 2.795600 ms  DeleteObjects: 1.438100 ms)

========================================================================
Received Import Request.
  Time since last request: 78.855777 seconds.
  path: Assets/Render/New 2D Renderer Data.asset
  artifactKey: Guid(7a3b6c4329783144bbc8e2b80dca046b) Importer(815301076,1909f56bfc062723c751e8b465ee728b)
Start importing Assets/Render/New 2D Renderer Data.asset using Guid(7a3b6c4329783144bbc8e2b80dca046b) Importer(815301076,1909f56bfc062723c751e8b465ee728b)  -> (artifact id: '222cd54b20ee0adaec3ce62288fe6aef') in 0.036829 seconds
  Import took 0.048563 seconds .

========================================================================
Received Prepare
Shader 'Universal Render Pipeline/Particles/Lit': fallback shader 'Universal Render Pipeline/Particles/SimpleLit' not found
Shader 'Universal Render Pipeline/Particles/Lit': fallback shader 'Universal Render Pipeline/Particles/SimpleLit' not found
Refreshing native plugins compatible for Editor in 2.67 ms, found 1 plugins.
Preloading 0 native plugins for Editor in 0.00 ms.
Unloading 47 Unused Serialized files (Serialized files now loaded: 0)
System memory in use before: 65.2 MB.
System memory in use after: 62.8 MB.

Unloading 47 unused Assets to reduce memory usage. Loaded Objects now: 3324.
Total: 5.073900 ms (FindLiveObjects: 0.316000 ms CreateObjectMapping: 0.105700 ms MarkObjects: 3.076800 ms  DeleteObjects: 1.574300 ms)

========================================================================
Received Import Request.
  Time since last request: 101.582966 seconds.
  path: Assets/Sprite/Circle.png
  artifactKey: Guid(aee8c61531b89cc44b211b3f334413f5) Importer(815301076,1909f56bfc062723c751e8b465ee728b)
Start importing Assets/Sprite/Circle.png using Guid(aee8c61531b89cc44b211b3f334413f5) Importer(815301076,1909f56bfc062723c751e8b465ee728b)  -> (artifact id: '5f618786c1f9afe3c676bc3032f0b72c') in 0.202351 seconds
  Import took 0.400140 seconds .

========================================================================
Received Import Request.
  Time since last request: 183.640683 seconds.
  path: Assets/Sprite/Triangle.png
  artifactKey: Guid(d1b2ddc4c05fad44cbe9baedce0f34a0) Importer(815301076,1909f56bfc062723c751e8b465ee728b)
Start importing Assets/Sprite/Triangle.png using Guid(d1b2ddc4c05fad44cbe9baedce0f34a0) Importer(815301076,1909f56bfc062723c751e8b465ee728b)  -> (artifact id: 'eb072e1705abd90aaa9e61df51c7483a') in 0.020137 seconds
  Import took 0.030239 seconds .

========================================================================
Received Prepare
Registering precompiled user dll's ...
Registered in 0.002426 seconds.
Begin MonoManager ReloadAssembly
Native extension for WindowsStandalone target not found
Native extension for WebGL target not found
Refreshing native plugins compatible for Editor in 0.60 ms, found 1 plugins.
Preloading 0 native plugins for Editor in 0.00 ms.
Invoked RoslynAnalysisRunner static constructor.
RoslynAnalysisRunner will not be running.
RoslynAnalysisRunner has terminated.
Mono: successfully reloaded assembly
- Completed reload, in  0.918 seconds
Platform modules already initialized, skipping
Shader 'Universal Render Pipeline/Particles/Lit': fallback shader 'Universal Render Pipeline/Particles/SimpleLit' not found
Shader 'Universal Render Pipeline/Particles/Lit': fallback shader 'Universal Render Pipeline/Particles/SimpleLit' not found
Refreshing native plugins compatible for Editor in 0.52 ms, found 1 plugins.
Preloading 0 native plugins for Editor in 0.00 ms.
Unloading 2891 Unused Serialized files (Serialized files now loaded: 0)
System memory in use before: 124.1 MB.
System memory in use after: 120.7 MB.

Unloading 69 unused Assets to reduce memory usage. Loaded Objects now: 3315.
Total: 4.297100 ms (FindLiveObjects: 0.313400 ms CreateObjectMapping: 0.110700 ms MarkObjects: 1.939400 ms  DeleteObjects: 1.932800 ms)

========================================================================
Received Import Request.
  Time since last request: 451.446515 seconds.
  path: ProjectSettings/TagManager.asset
  artifactKey: Guid(00000000000000003000000000000000) Importer(815301076,1909f56bfc062723c751e8b465ee728b)
Start importing ProjectSettings/TagManager.asset using Guid(00000000000000003000000000000000) Importer(815301076,1909f56bfc062723c751e8b465ee728b)  -> (artifact id: 'e0b980f315cd5757125af005ed212271') in 0.021478 seconds
  Import took 0.039940 seconds .

========================================================================
Received Import Request.
  Time since last request: 809.720912 seconds.
  path: Assets/Script/Player.cs
  artifactKey: Guid(57c679c28f5d5bc4eadaa8cf4d541633) Importer(815301076,1909f56bfc062723c751e8b465ee728b)
Start importing Assets/Script/Player.cs using Guid(57c679c28f5d5bc4eadaa8cf4d541633) Importer(815301076,1909f56bfc062723c751e8b465ee728b)  -> (artifact id: '4b5ff8eab99b10d5044fb7dcfa9d2ca8') in 0.119758 seconds
  Import took 0.421295 seconds .

========================================================================
Received Prepare
Registering precompiled user dll's ...
Registered in 0.032755 seconds.
Begin MonoManager ReloadAssembly
Native extension for WindowsStandalone target not found
Native extension for WebGL target not found
Refreshing native plugins compatible for Editor in 0.69 ms, found 1 plugins.
Preloading 0 native plugins for Editor in 0.00 ms.
Invoked RoslynAnalysisRunner static constructor.
RoslynAnalysisRunner will not be running.
RoslynAnalysisRunner has terminated.
Mono: successfully reloaded assembly
- Completed reload, in  1.204 seconds
Platform modules already initialized, skipping
Shader 'Universal Render Pipeline/Particles/Lit': fallback shader 'Universal Render Pipeline/Particles/SimpleLit' not found
Shader 'Universal Render Pipeline/Particles/Lit': fallback shader 'Universal Render Pipeline/Particles/SimpleLit' not found
Refreshing native plugins compatible for Editor in 0.89 ms, found 1 plugins.
Preloading 0 native plugins for Editor in 0.00 ms.
Unloading 2961 Unused Serialized files (Serialized files now loaded: 0)
System memory in use before: 130.4 MB.
System memory in use after: 127.9 MB.

Unloading 51 unused Assets to reduce memory usage. Loaded Objects now: 3387.
Total: 4.477500 ms (FindLiveObjects: 0.362000 ms CreateObjectMapping: 0.117400 ms MarkObjects: 2.047400 ms  DeleteObjects: 1.947700 ms)

========================================================================
Received Import Request.
  Time since last request: 91.756826 seconds.
  path: Assets/Script/Enemy.cs
  artifactKey: Guid(7749dcc97a0fdc84d87473b706ae665d) Importer(815301076,1909f56bfc062723c751e8b465ee728b)
Start importing Assets/Script/Enemy.cs using Guid(7749dcc97a0fdc84d87473b706ae665d) Importer(815301076,1909f56bfc062723c751e8b465ee728b)  -> (artifact id: '1415c027a68d3c8e3d0e2acdd964ed9f') in 0.037647 seconds
  Import took 0.151825 seconds .

========================================================================
Received Prepare
Registering precompiled user dll's ...
Registered in 0.002252 seconds.
Begin MonoManager ReloadAssembly
Native extension for WindowsStandalone target not found
Native extension for WebGL target not found
Refreshing native plugins compatible for Editor in 0.53 ms, found 1 plugins.
Preloading 0 native plugins for Editor in 0.00 ms.
Invoked RoslynAnalysisRunner static constructor.
RoslynAnalysisRunner will not be running.
RoslynAnalysisRunner has terminated.
Mono: successfully reloaded assembly
- Completed reload, in  1.196 seconds
Platform modules already initialized, skipping
Shader 'Universal Render Pipeline/Particles/Lit': fallback shader 'Universal Render Pipeline/Particles/SimpleLit' not found
Shader 'Universal Render Pipeline/Particles/Lit': fallback shader 'Universal Render Pipeline/Particles/SimpleLit' not found
Refreshing native plugins compatible for Editor in 0.54 ms, found 1 plugins.
Preloading 0 native plugins for Editor in 0.00 ms.
Unloading 2894 Unused Serialized files (Serialized files now loaded: 0)
System memory in use before: 127.4 MB.
System memory in use after: 124.9 MB.

Unloading 50 unused Assets to reduce memory usage. Loaded Objects now: 3391.
Total: 5.241100 ms (FindLiveObjects: 0.383700 ms CreateObjectMapping: 0.108600 ms MarkObjects: 2.274600 ms  DeleteObjects: 2.472400 ms)

AssetImportWorkerClient::OnTransportError - code=2 error=End of file
